0 info it worked if it ends with ok
1 verbose cli [ '/home/leonardo/.nvm/versions/node/v6.9.1/bin/node',
1 verbose cli   '/home/leonardo/.nvm/versions/node/v6.9.1/bin/npm',
1 verbose cli   'start' ]
2 info using npm@3.10.8
3 info using node@v6.9.1
4 verbose run-script [ 'prestart', 'start', 'poststart' ]
5 info lifecycle bot@0.0.1~prestart: bot@0.0.1
6 silly lifecycle bot@0.0.1~prestart: no script for prestart, continuing
7 info lifecycle bot@0.0.1~start: bot@0.0.1
8 verbose lifecycle bot@0.0.1~start: unsafe-perm in lifecycle true
9 verbose lifecycle bot@0.0.1~start: PATH: /home/leonardo/.nvm/versions/node/v6.9.1/lib/node_modules/npm/bin/node-gyp-bin:/home/leonardo/code/proint2/node_modules/.bin:/usr/local/heroku/bin:/home/leonardo/.gvm/pkgsets/go1.6/default/bin:/home/leonardo/.gvm/pkgsets/go1.6/default/overlay/bin:/home/leonardo/.gvm/pkgsets/go1.6/default/bin:/home/leonardo/.gvm/pkgsets/go1.6/global/bin:/home/leonardo/.gvm/gos/go1.6/bin:/home/leonardo/.gvm/pkgsets/go1.6/global/overlay/bin:/home/leonardo/.gvm/bin:/home/leonardo/.gvm/bin:/home/leonardo/.nvm/versions/node/v6.9.1/bin:/home/leonardo/.gvm/pkgsets/go1.6/default/bin:/home/leonardo/.gvm/pkgsets/go1.6/default/overlay/bin:/home/leonardo/.gvm/pkgsets/go1.6/default/bin:/home/leonardo/.gvm/pkgsets/go1.6/global/bin:/home/leonardo/.gvm/gos/go1.6/bin:/home/leonardo/.gvm/pkgsets/go1.6/global/overlay/bin:/home/leonardo/.gvm/bin:/home/leonardo/.gvm/bin:/usr/local/heroku/bin:/home/leonardo/.gvm/pkgsets/go1.6/default/bin:/home/leonardo/.gvm/pkgsets/go1.6/default/overlay/bin:/home/leonardo/.gvm/pkgsets/go1.6/default/bin:/home/leonardo/.gvm/pkgsets/go1.6/global/bin:/home/leonardo/.gvm/gos/go1.6/bin:/home/leonardo/.gvm/pkgsets/go1.6/global/overlay/bin:/home/leonardo/.gvm/bin:/home/leonardo/.gvm/bin:/home/leonardo/.gvm/pkgsets/go1.6/default/bin:/home/leonardo/.gvm/pkgsets/go1.6/default/overlay/bin:/home/leonardo/.gvm/pkgsets/go1.6/default/bin:/home/leonardo/.gvm/pkgsets/go1.6/global/bin:/home/leonardo/.gvm/gos/go1.6/bin:/home/leonardo/.gvm/pkgsets/go1.6/global/overlay/bin:/home/leonardo/.gvm/bin:/home/leonardo/.gvm/bin:/home/leonardo/.rvm/gems/ruby-2.3.1/bin:/home/leonardo/.rvm/gems/ruby-2.3.1@global/bin:/home/leonardo/.rvm/rubies/ruby-2.3.1/bin:/home/leonardo/bin:/usr/local/sbin:/usr/local/bin:/usr/sbin:/usr/bin:/sbin:/bin:/usr/games:/usr/local/games:/usr/lib/jvm/java-8-oracle/bin:/usr/lib/jvm/java-8-oracle/db/bin:/usr/lib/jvm/java-8-oracle/jre/bin:/home/leonardo/.rvm/bin:/home/leonardo/bin:/home/leonardo/go/bin:/home/leonardo/mongodb/bin:/opt/couchbase/bin:/home/leonardo/robomongo/bin:/home/leonardo/android-studio/bin:/home/leonardo/Android/Sdk/tools:/opt/tomcat8/bin:/home/leonardo/maven/bin/:/home/leonardo/.rvm/bin:/home/leonardo/bin:/home/leonardo/go/bin:/home/leonardo/mongodb/bin:/opt/couchbase/bin:/home/leonardo/robomongo/bin:/home/leonardo/android-studio/bin:/home/leonardo/Android/Sdk/tools:/opt/tomcat8/bin:/home/leonardo/maven/bin/:/home/leonardo/.rvm/bin
10 verbose lifecycle bot@0.0.1~start: CWD: /home/leonardo/code/proint2
11 silly lifecycle bot@0.0.1~start: Args: [ '-c', 'webpack && webpack-dev-server' ]
12 silly lifecycle bot@0.0.1~start: Returned: code: 1  signal: null
13 info lifecycle bot@0.0.1~start: Failed to exec start script
14 verbose stack Error: bot@0.0.1 start: `webpack && webpack-dev-server`
14 verbose stack Exit status 1
14 verbose stack     at EventEmitter.<anonymous> (/home/leonardo/.nvm/versions/node/v6.9.1/lib/node_modules/npm/lib/utils/lifecycle.js:255:16)
14 verbose stack     at emitTwo (events.js:106:13)
14 verbose stack     at EventEmitter.emit (events.js:191:7)
14 verbose stack     at ChildProcess.<anonymous> (/home/leonardo/.nvm/versions/node/v6.9.1/lib/node_modules/npm/lib/utils/spawn.js:40:14)
14 verbose stack     at emitTwo (events.js:106:13)
14 verbose stack     at ChildProcess.emit (events.js:191:7)
14 verbose stack     at maybeClose (internal/child_process.js:877:16)
14 verbose stack     at Process.ChildProcess._handle.onexit (internal/child_process.js:226:5)
15 verbose pkgid bot@0.0.1
16 verbose cwd /home/leonardo/code/proint2
17 error Linux 4.2.0-34-generic
18 error argv "/home/leonardo/.nvm/versions/node/v6.9.1/bin/node" "/home/leonardo/.nvm/versions/node/v6.9.1/bin/npm" "start"
19 error node v6.9.1
20 error npm  v3.10.8
21 error code ELIFECYCLE
22 error bot@0.0.1 start: `webpack && webpack-dev-server`
22 error Exit status 1
23 error Failed at the bot@0.0.1 start script 'webpack && webpack-dev-server'.
23 error Make sure you have the latest version of node.js and npm installed.
23 error If you do, this is most likely a problem with the bot package,
23 error not with npm itself.
23 error Tell the author that this fails on your system:
23 error     webpack && webpack-dev-server
23 error You can get information on how to open an issue for this project with:
23 error     npm bugs bot
23 error Or if that isn't available, you can get their info via:
23 error     npm owner ls bot
23 error There is likely additional logging output above.
24 verbose exit [ 1, true ]
